[00:00:00.000,976] <dbg> can_mcp2515: mcp2515_init: Presc: 2, BS1: 7, BS2: 2
[00:00:00.001,007] <dbg> can_mcp2515: mcp2515_init: Sample-point err : 0
*** Booting nRF Connect SDK v3.1.1-e2a97fe2578a ***
*** Using Zephyr OS v4.1.99-ff8f0c579eeb ***
[00:00:00.613,220] <dbg> gopro_main: clocks_start: HF clock started
[00:00:00.613,281] <inf> gopro_leds: Set up LED at GPIO_0 pin 28
[00:00:00.613,311] <inf> gopro_leds: Set up LED at GPIO_1 pin 11
[00:00:00.613,433] <dbg> canbus_gopro: canbus_init: CAN device ready
[00:00:00.613,433] <dbg> canbus_gopro: canbus_init: MODE NORMAL Enabled.
[00:00:00.614,471] <inf> canbus_gopro: CAN Start
[00:00:00.614,532] <inf> canbus_gopro: CAN BUS init done
[00:00:00.614,562] <dbg> gopro_discovery: gopro_bt_start: HW ID: 0xB0:0x38:0xF9:0xE1:0xF:0x33:0x99:0x1D 
[00:00:00.614,624] <inf> gopro_discovery: default profile 0 created
[00:00:00.623,901] <inf> fs_nvs: 2 Sectors of 4096 bytes
[00:00:00.623,931] <inf> fs_nvs: alloc wra: 0, fd0
[00:00:00.623,931] <inf> fs_nvs: data wra: 0, 1c
[00:00:00.624,114] <inf> bt_sdc_hci_driver: SoftDevice Controller build revision: 
                                            fc de 41 eb a2 d1 42 24  00 b5 f8 57 9f ac 9d 9e |..A...B$ ...W....
                                            aa c9 b4 34                                      |...4             
[00:00:00.628,845] <inf> bt_hci_core: HW Platform: Nordic Semiconductor (0x0002)
[00:00:00.628,875] <inf> bt_hci_core: HW Variant: nRF52x (0x0002)
[00:00:00.628,906] <inf> bt_hci_core: Firmware: Standard Bluetooth controller (0x00) Version 252.16862 Build 1121034987
[00:00:00.629,364] <inf> bt_hci_core: HCI transport: SDC
[00:00:00.629,486] <inf> bt_hci_core: Identity: DD:99:33:0F:E1:F9 (random)
[00:00:00.629,516] <inf> bt_hci_core: HCI: version 6.1 (0x0f) revision 0x1069, manufacturer 0x0059
[00:00:00.629,547] <inf> bt_hci_core: LMP: version 6.1 (0x0f) subver 0x1069
[00:00:00.629,547] <inf> gopro_discovery: Bluetooth initialized
[00:00:00.630,493] <dbg> gopro_discovery: gopro_bt_start: Settings load done
[00:00:00.630,493] <dbg> gopro_discovery: gopro_bt_start: Found 1 saved ID
[00:00:00.630,615] <dbg> gopro_discovery: gopro_bt_start: ID: DD:99:33:0F:E1:F9 (random)
[00:00:00.630,615] <inf> gopro_discovery: Scan module initialized
[00:00:00.630,767] <dbg> canbus_gopro: isotp_rx_thread: Bind ISO-TP
[00:00:00.630,828] <dbg> canbus_gopro: isotp_rx_thread: Semaphore lock 0
[00:00:00.680,786] <dbg> gopro_discovery: scan_work_handler: Scan stopped
[00:00:00.680,816] <dbg> gopro_discovery: scan_work_handler: Scan start
[00:00:00.680,847] <dbg> gopro_discovery: scan_work_handler: Saved bonds not found, filter by UUID
[00:00:00.682,067] <inf> gopro_discovery: Scan started
[00:00:00.686,492] <dbg> gopro_discovery: scan_filter_match: Filters matched. Address: D6:39:22:98:1E:21 (random) connectable: 1
[00:00:00.686,584] <dbg> gopro_c: gopro_client_set_sate: Set GoPro state: 2
[00:00:00.686,706] <dbg> gopro_discovery: eir_found: Camera ON, connecting
[00:00:00.843,475] <inf> gopro_discovery: Connected: D6:39:22:98:1E:21 (random)
[00:00:00.843,627] <inf> gopro_discovery: Change security
[00:00:00.843,933] <dbg> gopro_discovery: connected: Scan stopped
[00:00:01.094,818] <wrn> bt_conn: conn 0x200037e8 failed to establish. RF noise?
[00:00:01.095,336] <wrn> gopro_discovery: Security failed: D6:39:22:98:1E:21 (random) level 1 err 9 BT_SECURITY_ERR_UNSPECIFIED
[00:00:01.095,458] <wrn> gopro_discovery: Pairing failed conn: D6:39:22:98:1E:21 (random), reason 9 BT_SECURITY_ERR_UNSPECIFIED
[00:00:01.095,611] <wrn> gopro_discovery: MTU exchange failed (err 14)
[00:00:01.095,794] <inf> gopro_discovery: Disconnected: D6:39:22:98:1E:21 (random), reason 0x3e 
[00:00:04.096,008] <dbg> gopro_discovery: scan_work_handler: Scan stopped
[00:00:04.096,038] <dbg> gopro_discovery: scan_work_handler: Scan start
[00:00:04.096,069] <dbg> gopro_discovery: scan_work_handler: Saved bonds not found, filter by UUID
[00:00:04.097,045] <inf> gopro_discovery: Scan started
[00:00:04.181,365] <dbg> gopro_c: gopro_client_set_sate: Set GoPro state: 5
[00:00:04.181,488] <dbg> gopro_discovery: eir_found: Camera Pairing
[00:00:04.334,350] <inf> gopro_discovery: Connected: D6:39:22:98:1E:21 (random)
[00:00:04.334,503] <inf> gopro_discovery: Change security
[00:00:04.334,777] <dbg> gopro_discovery: connected: Scan stopped
[00:00:04.485,961] <inf> gopro_discovery: MTU exchange done
[00:00:04.785,919] <err> bt_smp: pairing failed (peer reason 0x4)
[00:00:04.786,132] <wrn> gopro_discovery: Security failed: D6:39:22:98:1E:21 (random) level 1 err 1 BT_SECURITY_ERR_AUTH_FAIL
[00:00:04.786,529] <wrn> gopro_discovery: Pairing failed conn: D6:39:22:98:1E:21 (random), reason 1 BT_SECURITY_ERR_AUTH_FAIL
[00:00:04.885,833] <inf> gopro_discovery: Disconnected: D6:39:22:98:1E:21 (random), reason 0x13 
[00:00:07.886,077] <dbg> gopro_discovery: scan_work_handler: Scan stopped
[00:00:07.886,108] <dbg> gopro_discovery: scan_work_handler: Scan start
[00:00:07.886,138] <dbg> gopro_discovery: scan_work_handler: Saved bonds not found, filter by UUID
[00:00:07.887,115] <inf> gopro_discovery: Scan started
[00:00:08.016,143] <dbg> gopro_discovery: eir_found: Camera Pairing
[00:00:08.175,231] <inf> gopro_discovery: Connected: D6:39:22:98:1E:21 (random)
[00:00:08.175,384] <inf> gopro_discovery: Change security
[00:00:08.175,628] <dbg> gopro_discovery: connected: Scan stopped
[00:00:08.326,812] <inf> gopro_discovery: MTU exchange done
[00:00:09.077,026] <inf> gopro_discovery: Security changed: D6:39:22:98:1E:21 (random) level 2
[00:00:09.077,056] <dbg> gopro_discovery: gatt_discover: Start dicovery func
[00:00:09.077,239] <dbg> gopro_discovery: discovery_start_work_handler: Start discovery UUID [0] b5f90001-aa8d-11e3-9046-0002a5d5c51b
[00:00:09.233,367] <inf> gopro_discovery: Pairing completed: D6:39:22:98:1E:21 (random), bonded: 1
[00:00:10.626,800] <inf> gopro_discovery: Service discovery complete
ATT[1]:  UUID: 0x2803 Handle: 0x0029 Value:
 Characteristic: 0xb5f90002-aa8d-11e3-9046-0002a5d5c51b Properties: 0x000A
ATT[2]:  UUID: 0xb5f90002-aa8d-11e3-9046-0002a5d5c51b Handle: 0x002A Value:
ATT[3]:  UUID: 0x2803 Handle: 0x002B Value:
 Characteristic: 0xb5f90003-aa8d-11e3-9046-0002a5d5c51b Properties: 0x000A
ATT[4]:  UUID: 0xb5f90003-aa8d-11e3-9046-0002a5d5c51b Handle: 0x002C Value:
ATT[5]:  UUID: 0x2803 Handle: 0x002D Value:
 Characteristic: 0xb5f90004-aa8d-11e3-9046-0002a5d5c51b Properties: 0x0008
ATT[6]:  UUID: 0xb5f90004-aa8d-11e3-9046-0002a5d5c51b Handle: 0x002E Value:
ATT[7]:  UUID: 0x2803 Handle: 0x002F Value:
 Characteristic: 0xb5f90005-aa8d-11e3-9046-0002a5d5c51b Properties: 0x0022
ATT[8]:  UUID: 0xb5f90005-aa8d-11e3-9046-0002a5d5c51b Handle: 0x0030 Value:
ATT[9]:  UUID: 0x2902 Handle: 0x0031 Value:
 CCCD
ATT[10]:  UUID: 0x2803 Handle: 0x0032 Value:
 Characteristic: 0xb5f90006-aa8d-11e3-9046-0002a5d5c51b Properties: 0x0002
ATT[11]:  UUID: 0xb5f90006-aa8d-11e3-9046-0002a5d5c51b Handle: 0x0033 Value:
[00:00:10.628,540] <dbg> gopro_discovery: handles_assign: Gopro wifi service
[00:00:10.628,601] <dbg> gopro_c: bt_gopro_wifi_handles_assign: DM: 0x200060F8 UUID: 0x2000D848
[00:00:10.628,601] <dbg> gopro_c: bt_gopro_wifi_handles_assign: Found handle for SSID characteristic
[00:00:10.628,662] <dbg> gopro_c: bt_gopro_wifi_handles_assign: DM: 0x200060F8 UUID: 0x2000D85C
[00:00:10.628,662] <dbg> gopro_c: bt_gopro_wifi_handles_assign: Found handle for PASS characteristic
[00:00:10.628,723] <dbg> gopro_c: bt_gopro_wifi_handles_assign: DM: 0x200060F8 UUID: 0x2000D870
[00:00:10.628,753] <dbg> gopro_c: bt_gopro_wifi_handles_assign: Found handle for POWER characteristic
[00:00:10.628,814] <dbg> gopro_c: bt_gopro_wifi_handles_assign: DM: 0x200060F8 UUID: 0x2000D884
[00:00:10.628,814] <dbg> gopro_c: bt_gopro_wifi_handles_assign: Found handle for STATE characteristic
[00:00:10.628,967] <dbg> gopro_discovery: discovery_start_work_handler: Start discovery UUID [1] fea6
 CCCD
--- 8 messages dropped ---
ATT[6]:  UUID: 0x2803 Handle: 0x003C Value:
 Characteristic: 0xb5f90074-aa8d-11e3-9046-0002a5d5c51b Properties: 0x0008
ATT[7]:  UUID: 0xb5f90074-aa8d-11e3-9046-0002a5d5c51b Handle: 0x003D Value:
ATT[8]:  UUID: 0x2803 Handle: 0x003E Value:
 Characteristic: 0xb5f90075-aa8d-11e3-9046-0002a5d5c51b Properties: 0x0010
ATT[9]:  UUID: 0xb5f90075-aa8d-11e3-9046-0002a5d5c51b Handle: 0x003F Value:
ATT[10]:  UUID: 0x2902 Handle: 0x0040 Value:
 CCCD
ATT[11]:  UUID: 0x2803 Handle: 0x0041 Value:
 Characteristic: 0xb5f90076-aa8d-11e3-9046-0002a5d5c51b Properties: 0x0008
ATT[12]:  UUID: 0xb5f90076-aa8d-11e3-9046-0002a5d5c51b Handle: 0x0042 Value:
ATT[13]:  UUID: 0x2803 Handle: 0x0043 Value:
 Characteristic: 0xb5f90077-aa8d-11e3-9046-0002a5d5c51b Properties: 0x0010
ATT[14]:  UUID: 0xb5f90077-aa8d-11e3-9046-0002a5d5c51b Handle: 0x0044 Value:
ATT[15]:  UUID: 0x2902 Handle: 0x0045 Value:
 CCCD
ATT[16]:  UUID: 0x2803 Handle: 0x0046 Value:
 Characteristic: 0xb5f90078-aa8d-11e3-9046-0002a5d5c51b Properties: 0x0008
ATT[17]:  UUID: 0xb5f90078-aa8d-11e3-9046-0002a5d5c51b Handle: 0x0047 Value:
ATT[18]:  UUID: 0x2803 Handle: 0x0048 Value:
 Characteristic: 0xb5f90079-aa8d-11e3-9046-0002a5d5c51b Properties: 0x0010
ATT[19]:  UUID: 0xb5f90079-aa8d-11e3-9046-0002a5d5c51b Handle: 0x0049 Value:
ATT[20]:  UUID: 0x2902 Handle: 0x004A Value:
 CCCD
[00:00:12.929,779] <dbg> gopro_discovery: handles_assign: Gopro main service
[00:00:12.929,840] <dbg> gopro_c: bt_gopro_handles_assign: DM: 0x200060F8 UUID: 0x2000D85C
[00:00:12.929,840] <dbg> gopro_c: bt_gopro_handles_assign: Found handle for Notify characteristic for CMD.
[00:00:12.929,901] <dbg> gopro_c: bt_gopro_handles_assign: Found handle for CCC of GoPro Notify characteristic. 0x3B
[00:00:12.929,931] <dbg> gopro_c: bt_gopro_handles_assign: Found handle for Write characteristic.
[00:00:12.929,962] <inf> gopro_c: CMD Handles assigned succesfull.
[00:00:12.930,023] <dbg> gopro_c: bt_gopro_handles_assign: DM: 0x200060F8 UUID: 0x2000D870
[00:00:12.930,053] <dbg> gopro_c: bt_gopro_handles_assign: Found handle for Notify characteristic for SETTINGS.
[00:00:12.930,084] <dbg> gopro_c: bt_gopro_handles_assign: Found handle for CCC of GoPro Notify characteristic. 0x40
[00:00:12.930,145] <dbg> gopro_c: bt_gopro_handles_assign: Found handle for Write characteristic.
[00:00:12.930,175] <inf> gopro_c: SETTINGS Handles assigned succesfull.
[00:00:12.930,236] <dbg> gopro_c: bt_gopro_handles_assign: DM: 0x200060F8 UUID: 0x2000D884
[00:00:12.930,267] <dbg> gopro_c: bt_gopro_handles_assign: Found handle for Notify characteristic for QUERY.
[00:00:12.930,297] <dbg> gopro_c: bt_gopro_handles_assign: Found handle for CCC of GoPro Notify characteristic. 0x45
[00:00:12.930,389] <dbg> gopro_c: bt_gopro_handles_assign: Found handle for Write characteristic.
[00:00:12.930,419] <inf> gopro_c: QUERY Handles assigned succesfull.
[00:00:12.930,633] <dbg> gopro_discovery: discovery_start_work_handler: Start discovery UUID [2] b5f90090-aa8d-11e3-9046-0002a5d5c51b
[00:00:13.826,782] <inf> gopro_discovery: Service discovery complete
ATT[1]:  UUID: 0x2803 Handle: 0x0051 Value:
 Characteristic: 0xb5f90091-aa8d-11e3-9046-0002a5d5c51b Properties: 0x0008
ATT[2]:  UUID: 0xb5f90091-aa8d-11e3-9046-0002a5d5c51b Handle: 0x0052 Value:
ATT[3]:  UUID: 0x2803 Handle: 0x0053 Value:
 Characteristic: 0xb5f90092-aa8d-11e3-9046-0002a5d5c51b Properties: 0x0010
ATT[4]:  UUID: 0xb5f90092-aa8d-11e3-9046-0002a5d5c51b Handle: 0x0054 Value:
ATT[5]:  UUID: 0x2902 Handle: 0x0055 Value:
 CCCD
[00:00:13.827,575] <dbg> gopro_discovery: handles_assign: Gopro net service
[00:00:13.827,636] <dbg> gopro_c: bt_gopro_net_handle_assign: DM: 0x200060F8 UUID: 0x2000D884
[00:00:13.827,667] <dbg> gopro_c: bt_gopro_net_handle_assign: Found handle for Notify characteristic for NET.
[00:00:13.827,697] <dbg> gopro_c: bt_gopro_net_handle_assign: Found handle for CCC of GoPro Notify characteristic. 0x55
[00:00:13.827,728] <dbg> gopro_c: bt_gopro_net_handle_assign: Found handle for Write characteristic.
[00:00:13.827,728] <inf> gopro_c: NET Handles assigned succesfull.
[00:00:13.827,850] <dbg> gopro_discovery: discovery_start_work_handler: List end, stop discovery
[00:00:13.827,911] <dbg> gopro_discovery: discovery_finish_work_handler: Read WIFI SSID chars
[00:00:13.926,879] <dbg> gopro_c: on_read_ssid: Get AP SSID GP25100699
[00:00:13.927,001] <dbg> gopro_discovery: discovery_finish_work_handler: Read WIFI PASS chars
[00:00:14.026,885] <dbg> gopro_c: on_read_pass: Get AP PASS FT4-yRH-Hgq
[00:00:14.026,977] <dbg> gopro_discovery: discovery_finish_work_handler: Start subscribe
[00:00:14.027,313] <dbg> gopro_c: gopro_set_subscribe: [SUBSCRIBED] for 0 handle
[00:00:14.027,374] <dbg> gopro_c: gopro_set_subscribe: [SUBSCRIBED] for 1 handle
[00:00:14.027,435] <dbg> gopro_c: gopro_set_subscribe: [SUBSCRIBED] for 2 handle
[00:00:14.127,319] <dbg> gopro_c: gopro_set_subscribe: [SUBSCRIBED] for 3 handle
[00:00:14.127,349] <dbg> gopro_discovery: discovery_finish_work_handler: Set connected mode
[00:00:14.127,410] <dbg> gopro_c: gopro_client_set_sate: Set GoPro state: 3
[00:00:14.127,563] <dbg> gopro_discovery: discovery_finish_work_handler: Poll HW Info
[00:00:14.127,655] <dbg> gopro_c: bt_gopro_client_send: Send handle: 0x0 2 bytes
[00:00:14.526,733] <dbg> gopro_c: on_sent_data: CMD sent
[00:00:14.527,709] <dbg> gopro_c: on_notify_received: [NOTIFICATION] length 20 handle 0x3A
[00:00:14.527,740] <dbg> gopro_packet: gopro_packet_build: INPUT DATA
                                       20 5b 3c 00 04 00 00 00  41 0c 48 45 52 4f 31 33 | [<..... A.HERO13
                                       20 42 6c 61                                      | Bla             
[00:00:14.527,862] <dbg> gopro_packet: gopro_packet_get_data_ptr: 13bit, index: 4 len: 16
[00:00:14.527,862] <dbg> gopro_packet: gopro_packet_get_pkt_ptr: 13bit, index: 2 len: 18
[00:00:14.527,893] <dbg> gopro_packet: gopro_packet_build: Allocated 91 bytes done
[00:00:14.527,923] <dbg> gopro_packet: gopro_packet_build: Copy 18 bytes 
[00:00:14.528,259] <dbg> gopro_c: on_notify_received: [NOTIFICATION] length 20 handle 0x3A
[00:00:14.528,289] <dbg> gopro_packet: gopro_packet_build: INPUT DATA
                                       80 63 6b 04 30 78 30 35  0f 48 32 34 2e 30 31 2e |.ck.0x05 .H24.01.
                                       30 32 2e 30                                      |02.0             
[00:00:14.528,320] <dbg> gopro_packet: gopro_packet_build: Continuation Packet number 0 for feature 0x3C action 0x0
[00:00:14.528,350] <dbg> gopro_packet: gopro_packet_get_data_ptr: Cont, index: 1 len: 19
[00:00:14.528,839] <dbg> gopro_c: on_notify_received: [NOTIFICATION] length 20 handle 0x3A
[00:00:14.528,900] <dbg> gopro_packet: gopro_packet_build: INPUT DATA
                                       81 34 2e 30 30 0e 43 33  35 33 31 33 32 35 31 30 |.4.00.C3 53132510
                                       30 36 39 39                                      |0699             
[00:00:14.528,900] <dbg> gopro_packet: gopro_packet_build: Continuation Packet number 1 for feature 0x3C action 0x0
[00:00:14.528,930] <dbg> gopro_packet: gopro_packet_get_data_ptr: Cont, index: 1 len: 19
[00:00:14.529,602] <dbg> gopro_c: on_notify_received: [NOTIFICATION] length 20 handle 0x3A
[00:00:14.529,632] <dbg> gopro_packet: gopro_packet_build: INPUT DATA
                                       82 0a 47 50 32 35 31 30  30 36 39 39 0c 30 36 35 |..GP2510 0699.065
                                       37 34 37 35                                      |7475             
[00:00:14.529,663] <dbg> gopro_packet: gopro_packet_build: Continuation Packet number 2 for feature 0x3C action 0x0
[00:00:14.529,693] <dbg> gopro_packet: gopro_packet_get_data_ptr: Cont, index: 1 len: 19
[00:00:14.576,904] <dbg> gopro_c: on_notify_received: [NOTIFICATION] length 17 handle 0x3A
[00:00:14.576,965] <dbg> gopro_packet: gopro_packet_build: INPUT DATA
                                       83 62 39 39 30 39 01 00  01 01 01 00 02 5b 5d 01 |.b9909.. .....[].
                                       01                                               |.                
[00:00:14.576,995] <dbg> gopro_packet: gopro_packet_build: Continuation Packet number 3 for feature 0x3C action 0x0
[00:00:14.576,995] <dbg> gopro_packet: gopro_packet_get_data_ptr: Cont, index: 1 len: 16
[00:00:14.577,026] <dbg> gopro_packet: gopro_packet_build: Full multi-packet saved
[00:00:14.577,056] <dbg> gopro_packet: gopro_packet_parse: Parse CMD packet
[00:00:14.577,056] <dbg> gopro_packet: gopro_packet_parse_cmd: Get HW status response
[00:00:14.577,087] <dbg> gopro_packet: gopro_packet_parse_cmd: Status OK
[00:00:14.577,117] <dbg> gopro_packet: gopro_parse_response_hw_info: Model number: 0x41
[00:00:14.577,148] <dbg> gopro_packet: gopro_parse_response_hw_info: Model name: HERO13 Black
[00:00:14.577,209] <dbg> gopro_packet: gopro_parse_response_hw_info: Firmware: H24.01.02.04.00
[00:00:14.577,239] <dbg> gopro_packet: gopro_parse_response_hw_info: Serial: C3531325100699
[00:00:14.577,301] <dbg> gopro_packet: gopro_parse_response_hw_info: AP SSID: GP25100699
[00:00:14.577,331] <dbg> gopro_packet: gopro_parse_response_hw_info: AP MAC: 0657475b9909
[00:00:14.577,362] <dbg> gopro_packet: gopro_parse_response_hw_info: Packet parse correct
[00:00:14.577,484] <dbg> gopro_discovery: discovery_finish_work_handler: Get Status OK, start sending data
[00:00:14.577,484] <dbg> gopro_discovery: discovery_finish_work_handler: Just paired, send RequestPairingFinish
[00:00:14.577,514] <dbg> gopro_protobuf: gopro_finish_pairing: Send RequestPairingFinish cmd
[00:00:14.577,575] <dbg> gopro_protobuf: gopro_send_big_data: 5bit packet Len: 9
[00:00:14.577,606] <dbg> gopro_protobuf: gopro_send_big_data: Packet:
                                         0b 03 01 08 00 12 05 6e  72 66 35 32             |.......n rf52    
[00:00:14.577,728] <dbg> gopro_c: bt_gopro_client_send: Send handle: 0x0 12 bytes
[00:00:14.578,155] <dbg> gopro_discovery: discovery_finish_work_handler: Push subscribe to TX chan
[00:00:14.676,727] <dbg> gopro_c: on_sent_data: Net sent
[00:00:14.676,879] <dbg> gopro_c: bt_gopro_client_send: Send handle: 0x0 5 bytes
[00:00:14.677,520] <dbg> gopro_c: on_notify_received: [NOTIFICATION] length 5 handle 0x54
[00:00:14.677,581] <dbg> gopro_packet: gopro_packet_build: INPUT DATA
                                       04 03 81 08 01                                   |.....            
[00:00:14.677,581] <dbg> gopro_packet: gopro_packet_get_data_ptr: 5bit, index: 3 len: 2
[00:00:14.677,612] <dbg> gopro_packet: gopro_packet_build: Allocated 4 bytes done
[00:00:14.677,642] <dbg> gopro_packet: gopro_packet_build: Copy 4 bytes 
[00:00:14.677,673] <dbg> gopro_packet: gopro_packet_build: Full single-packet saved
[00:00:14.677,673] <dbg> gopro_packet: gopro_packet_parse_net: Set Pairing State response
[00:00:14.677,734] <dbg> gopro_protobuf: gopro_parse_response_generic: Result: (1)RESULT_SUCCESS
[00:00:14.677,764] <dbg> gopro_packet: gopro_packet_parse: Parse NET packet
[00:00:14.776,733] <dbg> gopro_c: on_sent_data: Query sent
[00:00:14.776,885] <dbg> gopro_c: bt_gopro_client_send: Send handle: 0x42 3 bytes
[00:00:14.777,557] <dbg> gopro_c: on_notify_received: [NOTIFICATION] length 15 handle 0x44
[00:00:14.777,618] <dbg> gopro_packet: gopro_packet_build: INPUT DATA
                                       0e 53 00 0a 01 00 27 04  00 00 00 04 46 01 56    |.S....'. ....F.V 
[00:00:14.777,618] <dbg> gopro_packet: gopro_packet_get_data_ptr: 5bit, index: 3 len: 12
[00:00:14.777,679] <dbg> gopro_packet: gopro_packet_build: Allocated 14 bytes done
[00:00:14.777,679] <dbg> gopro_packet: gopro_packet_build: Copy 14 bytes 
[00:00:14.777,709] <dbg> gopro_packet: gopro_packet_build: Full single-packet saved
[00:00:14.777,740] <dbg> gopro_packet: gopro_parse_query_status_notify: Encoding: 0
[00:00:14.777,801] <dbg> gopro_packet: gopro_parse_query_status_notify: Video Count: 4
[00:00:14.777,862] <dbg> gopro_packet: gopro_parse_query_status_notify: Battery: 86
[00:00:14.777,954] <dbg> gopro_packet: gopro_packet_parse: Parse QUERY packet
[00:00:14.876,739] <dbg> gopro_c: on_sent_data: Query sent
[00:00:14.876,892] <dbg> gopro_c: bt_gopro_client_send: Send handle: 0x42 3 bytes
[00:00:14.877,532] <dbg> gopro_c: on_notify_received: [NOTIFICATION] length 9 handle 0x44
[00:00:14.877,563] <dbg> gopro_packet: gopro_packet_build: INPUT DATA
                                       08 13 00 27 04 00 00 00  04                      |...'.... .       
[00:00:14.877,593] <dbg> gopro_packet: gopro_packet_get_data_ptr: 5bit, index: 3 len: 6
[00:00:14.877,624] <dbg> gopro_packet: gopro_packet_build: Allocated 8 bytes done
[00:00:14.877,655] <dbg> gopro_packet: gopro_packet_build: Copy 8 bytes 
[00:00:14.877,655] <dbg> gopro_packet: gopro_packet_build: Full single-packet saved
[00:00:14.877,685] <dbg> gopro_packet: gopro_parse_query_status_reply: Video count: 4
[00:00:14.877,807] <dbg> gopro_packet: gopro_packet_parse: Parse QUERY packet
[00:00:14.976,776] <dbg> gopro_c: on_sent_data: Query sent
[00:00:14.976,928] <dbg> gopro_c: bt_gopro_client_send: Send handle: 0x42 3 bytes
[00:00:14.977,386] <dbg> gopro_c: on_notify_received: [NOTIFICATION] length 6 handle 0x44
[00:00:14.977,416] <dbg> gopro_packet: gopro_packet_build: INPUT DATA
                                       05 13 00 46 01 56                                |...F.V           
[00:00:14.977,447] <dbg> gopro_packet: gopro_packet_get_data_ptr: 5bit, index: 3 len: 3
[00:00:14.977,478] <dbg> gopro_packet: gopro_packet_build: Allocated 5 bytes done
[00:00:14.977,478] <dbg> gopro_packet: gopro_packet_build: Copy 5 bytes 
[00:00:14.977,508] <dbg> gopro_packet: gopro_packet_build: Full single-packet saved
[00:00:14.977,539] <dbg> gopro_packet: gopro_parse_query_status_reply: Battery: 86
[00:00:14.977,630] <dbg> gopro_packet: gopro_packet_parse: Parse QUERY packet
[00:00:15.076,721] <dbg> gopro_c: on_sent_data: Query sent
[00:00:15.077,362] <dbg> gopro_c: on_notify_received: [NOTIFICATION] length 6 handle 0x44
[00:00:15.077,392] <dbg> gopro_packet: gopro_packet_build: INPUT DATA
                                       05 13 00 0a 01 00                                |......           
[00:00:15.077,423] <dbg> gopro_packet: gopro_packet_get_data_ptr: 5bit, index: 3 len: 3
[00:00:15.077,453] <dbg> gopro_packet: gopro_packet_build: Allocated 5 bytes done
[00:00:15.077,484] <dbg> gopro_packet: gopro_packet_build: Copy 5 bytes 
[00:00:15.077,484] <dbg> gopro_packet: gopro_packet_build: Full single-packet saved
[00:00:15.077,514] <dbg> gopro_packet: gopro_parse_query_status_reply: Encoding: 0
[00:00:15.077,697] <dbg> gopro_packet: gopro_packet_parse: Parse QUERY packet
[00:00:15.126,892] <dbg> gopro_c: on_notify_received: [NOTIFICATION] length 15 handle 0x44
[00:00:15.126,953] <dbg> gopro_packet: gopro_packet_build: INPUT DATA
                                       0e 93 00 0a 01 00 27 04  00 00 00 04 46 01 56    |......'. ....F.V 
[00:00:15.126,983] <dbg> gopro_packet: gopro_packet_get_data_ptr: 5bit, index: 3 len: 12
[00:00:15.127,014] <dbg> gopro_packet: gopro_packet_build: Allocated 14 bytes done
[00:00:15.127,044] <dbg> gopro_packet: gopro_packet_build: Copy 14 bytes 
[00:00:15.127,044] <dbg> gopro_packet: gopro_packet_build: Full single-packet saved
[00:00:15.127,075] <dbg> gopro_packet: gopro_parse_query_status_notify: Encoding: 0
[00:00:15.127,166] <dbg> gopro_packet: gopro_parse_query_status_notify: Video Count: 4
[00:00:15.127,166] <dbg> gopro_packet: gopro_parse_query_status_notify: Battery: 86
[00:00:15.127,288] <dbg> gopro_packet: gopro_packet_parse: Parse QUERY packet
[00:01:21.976,837] <dbg> gopro_c: on_notify_received: [NOTIFICATION] length 6 handle 0x44
[00:01:21.976,867] <dbg> gopro_packet: gopro_packet_build: INPUT DATA
                                       05 93 00 46 01 55                                |...F.U           
[00:01:21.976,898] <dbg> gopro_packet: gopro_packet_get_data_ptr: 5bit, index: 3 len: 3
[00:01:21.976,928] <dbg> gopro_packet: gopro_packet_build: Allocated 5 bytes done
[00:01:21.976,959] <dbg> gopro_packet: gopro_packet_build: Copy 5 bytes 
[00:01:21.976,959] <dbg> gopro_packet: gopro_packet_build: Full single-packet saved
[00:01:21.976,989] <dbg> gopro_packet: gopro_parse_query_status_notify: Battery: 85
[00:01:21.977,111] <dbg> gopro_packet: gopro_packet_parse: Parse QUERY packet
[00:01:34.325,775] <inf> canbus_gopro: Get CAN frame 0x772
[00:01:34.326,080] <dbg> gopro_c: bt_gopro_client_send: Send handle: 0x38 4 bytes
[00:01:34.526,763] <dbg> gopro_c: on_sent_data: CMD sent
[00:01:35.526,763] <dbg> gopro_c: on_notify_received: [NOTIFICATION] length 3 handle 0x3A
[00:01:35.526,824] <dbg> gopro_packet: gopro_packet_build: INPUT DATA
                                       02 01 00                                         |...              
[00:01:35.526,855] <dbg> gopro_packet: gopro_packet_get_data_ptr: 5bit, index: 3 len: 0
[00:01:35.526,885] <dbg> gopro_packet: gopro_packet_build: Allocated 2 bytes done
[00:01:35.526,885] <dbg> gopro_packet: gopro_packet_build: Copy 2 bytes 
[00:01:35.526,916] <dbg> gopro_packet: gopro_packet_build: Full single-packet saved
[00:01:35.526,916] <dbg> gopro_packet: gopro_packet_parse: Parse CMD packet
[00:01:35.527,404] <dbg> gopro_c: on_notify_received: [NOTIFICATION] length 6 handle 0x44
[00:01:35.527,435] <dbg> gopro_packet: gopro_packet_build: INPUT DATA
                                       05 93 00 0a 01 01                                |......           
[00:01:35.527,465] <dbg> gopro_packet: gopro_packet_get_data_ptr: 5bit, index: 3 len: 3
[00:01:35.527,496] <dbg> gopro_packet: gopro_packet_build: Allocated 5 bytes done
[00:01:35.527,526] <dbg> gopro_packet: gopro_packet_build: Copy 5 bytes 
[00:01:35.527,557] <dbg> gopro_packet: gopro_packet_build: Full single-packet saved
[00:01:35.527,557] <dbg> gopro_packet: gopro_parse_query_status_notify: Encoding: 1
[00:01:35.527,740] <dbg> gopro_packet: gopro_packet_parse: Parse QUERY packet
[00:01:39.325,500] <inf> canbus_gopro: Get CAN frame 0x772
[00:01:39.325,683] <dbg> gopro_c: bt_gopro_client_send: Send handle: 0x38 2 bytes
[00:01:39.426,727] <dbg> gopro_c: on_sent_data: CMD sent
[00:01:39.427,337] <dbg> gopro_c: on_notify_received: [NOTIFICATION] length 3 handle 0x3A
[00:01:39.427,368] <dbg> gopro_packet: gopro_packet_build: INPUT DATA
                                       02 18 00                                         |...              
[00:01:39.427,398] <dbg> gopro_packet: gopro_packet_get_data_ptr: 5bit, index: 3 len: 0
[00:01:39.427,429] <dbg> gopro_packet: gopro_packet_build: Allocated 2 bytes done
[00:01:39.427,459] <dbg> gopro_packet: gopro_packet_build: Copy 2 bytes 
[00:01:39.427,459] <dbg> gopro_packet: gopro_packet_build: Full single-packet saved
[00:01:39.427,490] <dbg> gopro_packet: gopro_packet_parse: Parse CMD packet
[00:01:44.325,531] <inf> canbus_gopro: Get CAN frame 0x772
[00:01:44.325,714] <dbg> gopro_c: bt_gopro_client_send: Send handle: 0x38 2 bytes
[00:01:44.426,727] <dbg> gopro_c: on_sent_data: CMD sent
[00:01:44.427,551] <dbg> gopro_c: on_notify_received: [NOTIFICATION] length 3 handle 0x3A
[00:01:44.427,581] <dbg> gopro_packet: gopro_packet_build: INPUT DATA
                                       02 18 00                                         |...              
[00:01:44.427,612] <dbg> gopro_packet: gopro_packet_get_data_ptr: 5bit, index: 3 len: 0
[00:01:44.427,642] <dbg> gopro_packet: gopro_packet_build: Allocated 2 bytes done
[00:01:44.427,642] <dbg> gopro_packet: gopro_packet_build: Copy 2 bytes 
[00:01:44.427,673] <dbg> gopro_packet: gopro_packet_build: Full single-packet saved
[00:01:44.427,673] <dbg> gopro_packet: gopro_packet_parse: Parse CMD packet
[00:01:49.325,561] <inf> canbus_gopro: Get CAN frame 0x772
[00:01:49.325,714] <dbg> gopro_c: bt_gopro_client_send: Send handle: 0x38 2 bytes
[00:01:49.426,727] <dbg> gopro_c: on_sent_data: CMD sent
[00:01:49.427,337] <dbg> gopro_c: on_notify_received: [NOTIFICATION] length 3 handle 0x3A
[00:01:49.427,368] <dbg> gopro_packet: gopro_packet_build: INPUT DATA
                                       02 18 00                                         |...              
[00:01:49.427,398] <dbg> gopro_packet: gopro_packet_get_data_ptr: 5bit, index: 3 len: 0
[00:01:49.427,429] <dbg> gopro_packet: gopro_packet_build: Allocated 2 bytes done
[00:01:49.427,459] <dbg> gopro_packet: gopro_packet_build: Copy 2 bytes 
[00:01:49.427,459] <dbg> gopro_packet: gopro_packet_build: Full single-packet saved
[00:01:49.427,490] <dbg> gopro_packet: gopro_packet_parse: Parse CMD packet
[00:03:10.876,831] <dbg> gopro_c: on_notify_received: [NOTIFICATION] length 6 handle 0x44
[00:03:10.876,892] <dbg> gopro_packet: gopro_packet_build: INPUT DATA
                                       05 93 00 46 01 54                                |...F.T           
[00:03:10.876,892] <dbg> gopro_packet: gopro_packet_get_data_ptr: 5bit, index: 3 len: 3
[00:03:10.876,922] <dbg> gopro_packet: gopro_packet_build: Allocated 5 bytes done
[00:03:10.876,953] <dbg> gopro_packet: gopro_packet_build: Copy 5 bytes 
[00:03:10.876,983] <dbg> gopro_packet: gopro_packet_build: Full single-packet saved
[00:03:10.876,983] <dbg> gopro_packet: gopro_parse_query_status_notify: Battery: 84
[00:03:10.877,105] <dbg> gopro_packet: gopro_packet_parse: Parse QUERY packet
[00:05:01.976,837] <dbg> gopro_c: on_notify_received: [NOTIFICATION] length 6 handle 0x44
[00:05:01.976,867] <dbg> gopro_packet: gopro_packet_build: INPUT DATA
                                       05 93 00 46 01 53                                |...F.S           
[00:05:01.976,898] <dbg> gopro_packet: gopro_packet_get_data_ptr: 5bit, index: 3 len: 3
[00:05:01.976,928] <dbg> gopro_packet: gopro_packet_build: Allocated 5 bytes done
[00:05:01.976,959] <dbg> gopro_packet: gopro_packet_build: Copy 5 bytes 
[00:05:01.976,959] <dbg> gopro_packet: gopro_packet_build: Full single-packet saved
[00:05:01.976,989] <dbg> gopro_packet: gopro_parse_query_status_notify: Battery: 83
[00:05:01.977,111] <dbg> gopro_packet: gopro_packet_parse: Parse QUERY packet
[00:06:57.326,843] <dbg> gopro_c: on_notify_received: [NOTIFICATION] length 6 handle 0x44
[00:06:57.326,873] <dbg> gopro_packet: gopro_packet_build: INPUT DATA
                                       05 93 00 46 01 52                                |...F.R           
[00:06:57.326,904] <dbg> gopro_packet: gopro_packet_get_data_ptr: 5bit, index: 3 len: 3
[00:06:57.326,934] <dbg> gopro_packet: gopro_packet_build: Allocated 5 bytes done
[00:06:57.326,965] <dbg> gopro_packet: gopro_packet_build: Copy 5 bytes 
[00:06:57.326,965] <dbg> gopro_packet: gopro_packet_build: Full single-packet saved
[00:06:57.326,995] <dbg> gopro_packet: gopro_parse_query_status_notify: Battery: 82
[00:06:57.327,117] <dbg> gopro_packet: gopro_packet_parse: Parse QUERY packet
[00:08:20.882,446] <err> os: ***** BUS FAULT *****
[00:08:20.882,476] <err> os:   Precise data bus error
[00:08:20.882,476] <err> os:   BFAR Address: 0xff4672b5
[00:08:20.882,507] <err> os: r0/a1:  0x0002125d  r1/a2:  0x00000018  r2/a3:  0xff4672b5
[00:08:20.882,507] <err> os: r3/a4:  0x2000de3c r12/ip:  0x2000de54 r14/lr:  0x0004a1d7
[00:08:20.882,537] <err> os:  xpsr:  0x01000000
[00:08:20.882,537] <err> os: Faulting instruction address (r15/pc): 0x0004a0f2
[00:08:20.882,568] <err> os: >>> ZEPHYR FATAL ERROR 25: Unknown error on CPU 0
[00:08:20.882,629] <err> os: Current thread: 0x20000a08 (mcp2515)
[00:08:21.099,822] <err> os: Halting system

sergey@sergey-ThinkPad-T480:~/Projects/NRF52/zephyr/gopro_remote/build/gopro_remote/zephyr$ arm-none-eabi-addr2line -e zephyr.elf 0x0004a1d7
/home/sergey/ncs/v3.1.1/zephyr/drivers/can/can_mcp2515.c:181
sergey@sergey-ThinkPad-T480:~/Projects/NRF52/zephyr/gopro_remote/build/gopro_remote/zephyr$ arm-none-eabi-addr2line -e zephyr.elf 0x0004a0f2
/home/sergey/ncs/v3.1.1/zephyr/include/zephyr/drivers/spi.h:953
sergey@sergey-ThinkPad-T480:~/Projects/NRF52/zephyr/gopro_remote/build/gopro_remote/zephyr$ 

https://devzone.nordicsemi.com/f/nordic-q-a/84170/bus-fault---precise-data-bus-error